<?xml version="1.0" encoding="UTF-8"?>
<!-- Generated by org.testng.reporters.JUnitReportReporter -->
<testsuite skipped="0" hostname="Yans-MacBook-Pro.local" name="tech.credify.tests.web.AccountCreationPageTest" tests="1" failures="0" timestamp="26 Aug 2019 16:55:43 GMT" time="19.902" errors="0">
  <testcase name="createAccountTest" time="19.902" classname="tech.credify.tests.web.AccountCreationPageTest"/>
</testsuite> <!-- tech.credify.tests.web.AccountCreationPageTest -->
