<?xml version="1.0" encoding="UTF-8"?>
<!-- Generated by org.testng.reporters.JUnitReportReporter -->
<testsuite skipped="0" hostname="Yans-MacBook-Pro.local" name="tech.credify.tests.rest.EligibleStatesTest" tests="3" failures="0" timestamp="26 Aug 2019 16:55:43 GMT" time="3.194" errors="0">
  <testcase name="testAPIServiceUP" time="1.578" classname="tech.credify.tests.rest.EligibleStatesTest"/>
  <testcase name="validateOnlyOneStateHasMinLoanAmount3005" time="0.547" classname="tech.credify.tests.rest.EligibleStatesTest"/>
  <testcase name="validateEligibleStatesNumber" time="1.069" classname="tech.credify.tests.rest.EligibleStatesTest"/>
</testsuite> <!-- tech.credify.tests.rest.EligibleStatesTest -->
